<?xml version="1.0" encoding="UTF-8"?>
<!-- Generated by org.testng.reporters.JUnitXMLReporter -->
<testsuite ignored="0" hostname="LTIN274446" failures="0" tests="8" name="Test" time="145.772" errors="0" timestamp="2024-02-27T15:51:04 IST">
  <testcase classname="testCases.TC_01" name="checkUrl" time="0.64"/>
  <testcase classname="testCases.TC_01" name="checkDoctorDetials" time="31.56"/>
  <testcase classname="testCases.TC_02" name="checkSurgiersPageOpened" time="3.246"/>
  <testcase classname="testCases.TC_02" name="printSurgeries" time="1.537"/>
  <testcase classname="testCases.TC_03" name="checkDemoPageOpened" time="8.743"/>
  <testcase classname="testCases.TC_03" name="validateForm_Invalid_Detials" time="2.206"/>
  <testcase classname="testCases.TC_04" name="checkDemoPageOpened" time="8.716"/>
  <testcase classname="testCases.TC_04" name="validateForm_Valid_Detials" time="35.183"/>
</testsuite> <!-- Test -->
