<?xml version="1.0" encoding="UTF-8"?>
<testng-results ignored="0" total="8" passed="8" failed="0" skipped="0">
  <reporter-output>
  </reporter-output>
  <suite started-at="2024-02-27T15:48:29 IST" name="Suite" finished-at="2024-02-27T15:50:54 IST" duration-ms="145772">
    <groups>
      <group name="Regression">
        <method signature="TC_01.checkDoctorDetials()[pri:2, instance:testCases.TC_01@63475ace]" name="checkDoctorDetials" class="testCases.TC_01"/>
        <method signature="TC_02.printSurgeries()[pri:4, instance:testCases.TC_02@7d8704ef]" name="printSurgeries" class="testCases.TC_02"/>
        <method signature="TC_03.validateForm_Invalid_Detials()[pri:6, instance:testCases.TC_03@13b6aecc]" name="validateForm_Invalid_Detials" class="testCases.TC_03"/>
        <method signature="TC_04.validateForm_Valid_Detials()[pri:8, instance:testCases.TC_04@158a8276]" name="validateForm_Valid_Detials" class="testCases.TC_04"/>
      </group> <!-- Regression -->
      <group name="sanity">
        <method signature="TC_01.checkUrl()[pri:1, instance:testCases.TC_01@63475ace]" name="checkUrl" class="testCases.TC_01"/>
        <method signature="TC_02.checkSurgiersPageOpened()[pri:3, instance:testCases.TC_02@7d8704ef]" name="checkSurgiersPageOpened" class="testCases.TC_02"/>
        <method signature="TC_03.checkDemoPageOpened()[pri:5, instance:testCases.TC_03@13b6aecc]" name="checkDemoPageOpened" class="testCases.TC_03"/>
        <method signature="TC_04.checkDemoPageOpened()[pri:7, instance:testCases.TC_04@158a8276]" name="checkDemoPageOpened" class="testCases.TC_04"/>
      </group> <!-- sanity -->
    </groups>
    <test started-at="2024-02-27T15:48:29 IST" name="Test" finished-at="2024-02-27T15:50:54 IST" duration-ms="145772">
      <class name="testCases.TC_02">
        <test-method is-config="true" signature="setup(java.lang.String,java.lang.String)[pri:0, instance:testCases.TC_02@7d8704ef]" started-at="2024-02-27T15:49:18 IST" name="setup" finished-at="2024-02-27T15:49:28 IST" duration-ms="10494" status="PASS">
          <params>
            <param index="0">
              <value>
                <![CDATA[windows]]>
              </value>
            </param>
            <param index="1">
              <value>
                <![CDATA[chrome]]>
              </value>
            </param>
          </params>
          <reporter-output>
          </reporter-output>
        </test-method> <!-- setup -->
        <test-method signature="checkSurgiersPageOpened()[pri:3, instance:testCases.TC_02@7d8704ef]" started-at="2024-02-27T15:49:28 IST" name="checkSurgiersPageOpened" finished-at="2024-02-27T15:49:32 IST" duration-ms="3246" status="PASS">
          <reporter-output>
          </reporter-output>
        </test-method> <!-- checkSurgiersPageOpened -->
        <test-method signature="printSurgeries()[pri:4, instance:testCases.TC_02@7d8704ef]" started-at="2024-02-27T15:49:32 IST" name="printSurgeries" finished-at="2024-02-27T15:49:33 IST" depends-on-methods="testCases.TC_02.checkSurgiersPageOpened" duration-ms="1537" status="PASS">
          <reporter-output>
          </reporter-output>
        </test-method> <!-- printSurgeries -->
        <test-method is-config="true" signature="tearDown()[pri:0, instance:testCases.TC_02@7d8704ef]" started-at="2024-02-27T15:49:33 IST" name="tearDown" finished-at="2024-02-27T15:49:35 IST" duration-ms="1327" status="PASS">
          <reporter-output>
          </reporter-output>
        </test-method> <!-- tearDown -->
      </class> <!-- testCases.TC_02 -->
      <class name="testCases.TC_01">
        <test-method is-config="true" signature="setup(java.lang.String,java.lang.String)[pri:0, instance:testCases.TC_01@63475ace]" started-at="2024-02-27T15:48:29 IST" name="setup" finished-at="2024-02-27T15:48:44 IST" duration-ms="14793" status="PASS">
          <params>
            <param index="0">
              <value>
                <![CDATA[windows]]>
              </value>
            </param>
            <param index="1">
              <value>
                <![CDATA[chrome]]>
              </value>
            </param>
          </params>
          <reporter-output>
          </reporter-output>
        </test-method> <!-- setup -->
        <test-method signature="checkUrl()[pri:1, instance:testCases.TC_01@63475ace]" started-at="2024-02-27T15:48:44 IST" name="checkUrl" finished-at="2024-02-27T15:48:45 IST" duration-ms="640" status="PASS">
          <reporter-output>
          </reporter-output>
        </test-method> <!-- checkUrl -->
        <test-method signature="checkDoctorDetials()[pri:2, instance:testCases.TC_01@63475ace]" started-at="2024-02-27T15:48:45 IST" name="checkDoctorDetials" finished-at="2024-02-27T15:49:17 IST" depends-on-methods="testCases.TC_01.checkUrl" duration-ms="31560" status="PASS">
          <reporter-output>
          </reporter-output>
        </test-method> <!-- checkDoctorDetials -->
        <test-method is-config="true" signature="tearDown()[pri:0, instance:testCases.TC_01@63475ace]" started-at="2024-02-27T15:49:17 IST" name="tearDown" finished-at="2024-02-27T15:49:18 IST" duration-ms="1453" status="PASS">
          <reporter-output>
          </reporter-output>
        </test-method> <!-- tearDown -->
      </class> <!-- testCases.TC_01 -->
      <class name="testCases.TC_04">
        <test-method is-config="true" signature="setup(java.lang.String,java.lang.String)[pri:0, instance:testCases.TC_04@158a8276]" started-at="2024-02-27T15:49:58 IST" name="setup" finished-at="2024-02-27T15:50:09 IST" duration-ms="11214" status="PASS">
          <params>
            <param index="0">
              <value>
                <![CDATA[windows]]>
              </value>
            </param>
            <param index="1">
              <value>
                <![CDATA[chrome]]>
              </value>
            </param>
          </params>
          <reporter-output>
          </reporter-output>
        </test-method> <!-- setup -->
        <test-method signature="checkDemoPageOpened()[pri:7, instance:testCases.TC_04@158a8276]" started-at="2024-02-27T15:50:09 IST" name="checkDemoPageOpened" finished-at="2024-02-27T15:50:18 IST" duration-ms="8716" status="PASS">
          <reporter-output>
          </reporter-output>
        </test-method> <!-- checkDemoPageOpened -->
        <test-method signature="validateForm_Valid_Detials()[pri:8, instance:testCases.TC_04@158a8276]" started-at="2024-02-27T15:50:18 IST" name="validateForm_Valid_Detials" finished-at="2024-02-27T15:50:53 IST" depends-on-methods="testCases.TC_04.checkDemoPageOpened" duration-ms="35183" status="PASS">
          <reporter-output>
          </reporter-output>
        </test-method> <!-- validateForm_Valid_Detials -->
        <test-method is-config="true" signature="tearDown()[pri:0, instance:testCases.TC_04@158a8276]" started-at="2024-02-27T15:50:53 IST" name="tearDown" finished-at="2024-02-27T15:50:54 IST" duration-ms="1262" status="PASS">
          <reporter-output>
          </reporter-output>
        </test-method> <!-- tearDown -->
      </class> <!-- testCases.TC_04 -->
      <class name="testCases.TC_03">
        <test-method is-config="true" signature="setup(java.lang.String,java.lang.String)[pri:0, instance:testCases.TC_03@13b6aecc]" started-at="2024-02-27T15:49:35 IST" name="setup" finished-at="2024-02-27T15:49:46 IST" duration-ms="11024" status="PASS">
          <params>
            <param index="0">
              <value>
                <![CDATA[windows]]>
              </value>
            </param>
            <param index="1">
              <value>
                <![CDATA[chrome]]>
              </value>
            </param>
          </params>
          <reporter-output>
          </reporter-output>
        </test-method> <!-- setup -->
        <test-method signature="checkDemoPageOpened()[pri:5, instance:testCases.TC_03@13b6aecc]" started-at="2024-02-27T15:49:46 IST" name="checkDemoPageOpened" finished-at="2024-02-27T15:49:54 IST" duration-ms="8743" status="PASS">
          <reporter-output>
          </reporter-output>
        </test-method> <!-- checkDemoPageOpened -->
        <test-method signature="validateForm_Invalid_Detials()[pri:6, instance:testCases.TC_03@13b6aecc]" started-at="2024-02-27T15:49:54 IST" name="validateForm_Invalid_Detials" finished-at="2024-02-27T15:49:57 IST" depends-on-methods="testCases.TC_03.checkDemoPageOpened" duration-ms="2206" status="PASS">
          <reporter-output>
          </reporter-output>
        </test-method> <!-- validateForm_Invalid_Detials -->
        <test-method is-config="true" signature="tearDown()[pri:0, instance:testCases.TC_03@13b6aecc]" started-at="2024-02-27T15:49:57 IST" name="tearDown" finished-at="2024-02-27T15:49:58 IST" duration-ms="1329" status="PASS">
          <reporter-output>
          </reporter-output>
        </test-method> <!-- tearDown -->
      </class> <!-- testCases.TC_03 -->
    </test> <!-- Test -->
  </suite> <!-- Suite -->
</testng-results>
